<?xml version="1.0" encoding="UTF-8"?>
<!-- Generated by org.testng.reporters.JUnitXMLReporter -->
<testsuite ignored="0" hostname="DESKTOP-74NHGKL" failures="0" tests="5" name="BankingApp Test" time="65.132" errors="0" timestamp="03 Oct 2021 06:52:08 GMT">
  <testcase classname="com.inetbanking.testCases.TC01_LoginTest" name="loginTest" time="2.837"/>
  <testcase classname="com.inetbanking.testCases.TC02_LoginDDT" name="loginDDT" time="9.318"/>
  <testcase classname="com.inetbanking.testCases.TC02_LoginDDT" name="loginDDT" time="5.965"/>
  <testcase classname="com.inetbanking.testCases.TC02_LoginDDT" name="loginDDT" time="8.31"/>
  <testcase classname="com.inetbanking.testCases.TC03_AddNewCustomer" name="addNewCustomer" time="11.409"/>
</testsuite> <!-- BankingApp Test -->
