<?xml version="1.0" encoding="UTF-8"?>
<testng-results ignored="0" total="5" passed="5" failed="0" skipped="0">
  <reporter-output>
  </reporter-output>
  <suite started-at="2021-10-03T06:51:03Z" name="inetBankingV1" finished-at="2021-10-03T06:52:08Z" duration-ms="65132">
    <groups>
    </groups>
    <test started-at="2021-10-03T06:51:03Z" name="BankingApp Test" finished-at="2021-10-03T06:52:08Z" duration-ms="65132">
      <class name="com.inetbanking.testCases.TC01_LoginTest">
        <test-method is-config="true" signature="setUp(java.lang.String)[pri:0, instance:com.inetbanking.testCases.TC01_LoginTest@2893de87]" started-at="2021-10-03T06:51:03Z" name="setUp" finished-at="2021-10-03T06:51:13Z" duration-ms="9309" status="PASS">
          <params>
            <param index="0">
              <value>
                <![CDATA[chrome]]>
              </value>
            </param>
          </params>
          <reporter-output>
          </reporter-output>
        </test-method> <!-- setUp -->
        <test-method signature="loginTest()[pri:0, instance:com.inetbanking.testCases.TC01_LoginTest@2893de87]" started-at="2021-10-03T06:51:13Z" name="loginTest" finished-at="2021-10-03T06:51:15Z" duration-ms="2837" status="PASS">
          <reporter-output>
          </reporter-output>
        </test-method> <!-- loginTest -->
        <test-method is-config="true" signature="tearDown()[pri:0, instance:com.inetbanking.testCases.TC01_LoginTest@2893de87]" started-at="2021-10-03T06:51:15Z" name="tearDown" finished-at="2021-10-03T06:51:16Z" duration-ms="629" status="PASS">
          <reporter-output>
          </reporter-output>
        </test-method> <!-- tearDown -->
      </class> <!-- com.inetbanking.testCases.TC01_LoginTest -->
      <class name="com.inetbanking.testCases.TC03_AddNewCustomer">
        <test-method is-config="true" signature="setUp(java.lang.String)[pri:0, instance:com.inetbanking.testCases.TC03_AddNewCustomer@2c34f934]" started-at="2021-10-03T06:51:49Z" name="setUp" finished-at="2021-10-03T06:51:55Z" duration-ms="5844" status="PASS">
          <params>
            <param index="0">
              <value>
                <![CDATA[chrome]]>
              </value>
            </param>
          </params>
          <reporter-output>
          </reporter-output>
        </test-method> <!-- setUp -->
        <test-method signature="addNewCustomer()[pri:0, instance:com.inetbanking.testCases.TC03_AddNewCustomer@2c34f934]" started-at="2021-10-03T06:51:55Z" name="addNewCustomer" finished-at="2021-10-03T06:52:06Z" duration-ms="11409" status="PASS">
          <reporter-output>
          </reporter-output>
        </test-method> <!-- addNewCustomer -->
        <test-method is-config="true" signature="tearDown()[pri:0, instance:com.inetbanking.testCases.TC03_AddNewCustomer@2c34f934]" started-at="2021-10-03T06:52:06Z" name="tearDown" finished-at="2021-10-03T06:52:08Z" duration-ms="1450" status="PASS">
          <reporter-output>
          </reporter-output>
        </test-method> <!-- tearDown -->
      </class> <!-- com.inetbanking.testCases.TC03_AddNewCustomer -->
      <class name="com.inetbanking.testCases.TC02_LoginDDT">
        <test-method is-config="true" signature="setUp(java.lang.String)[pri:0, instance:com.inetbanking.testCases.TC02_LoginDDT@55ca8de8]" started-at="2021-10-03T06:51:16Z" name="setUp" finished-at="2021-10-03T06:51:22Z" duration-ms="5816" status="PASS">
          <params>
            <param index="0">
              <value>
                <![CDATA[chrome]]>
              </value>
            </param>
          </params>
          <reporter-output>
          </reporter-output>
        </test-method> <!-- setUp -->
        <test-method signature="loginDDT(java.lang.String, java.lang.String)[pri:0, instance:com.inetbanking.testCases.TC02_LoginDDT@55ca8de8]" started-at="2021-10-03T06:51:24Z" name="loginDDT" data-provider="Logins" finished-at="2021-10-03T06:51:34Z" duration-ms="9318" status="PASS">
          <params>
            <param index="0">
              <value>
                <![CDATA[mngr355131]]>
              </value>
            </param>
            <param index="1">
              <value>
                <![CDATA[YvasasU]]>
              </value>
            </param>
          </params>
          <reporter-output>
          </reporter-output>
        </test-method> <!-- loginDDT -->
        <test-method signature="loginDDT(java.lang.String, java.lang.String)[pri:0, instance:com.inetbanking.testCases.TC02_LoginDDT@55ca8de8]" started-at="2021-10-03T06:51:34Z" name="loginDDT" data-provider="Logins" finished-at="2021-10-03T06:51:39Z" duration-ms="5965" status="PASS">
          <params>
            <param index="0">
              <value>
                <![CDATA[mngr355132]]>
              </value>
            </param>
            <param index="1">
              <value>
                <![CDATA[YvasasU]]>
              </value>
            </param>
          </params>
          <reporter-output>
          </reporter-output>
        </test-method> <!-- loginDDT -->
        <test-method signature="loginDDT(java.lang.String, java.lang.String)[pri:0, instance:com.inetbanking.testCases.TC02_LoginDDT@55ca8de8]" started-at="2021-10-03T06:51:39Z" name="loginDDT" data-provider="Logins" finished-at="2021-10-03T06:51:48Z" duration-ms="8310" status="PASS">
          <params>
            <param index="0">
              <value>
                <![CDATA[mngr355131]]>
              </value>
            </param>
            <param index="1">
              <value>
                <![CDATA[YvasasU]]>
              </value>
            </param>
          </params>
          <reporter-output>
          </reporter-output>
        </test-method> <!-- loginDDT -->
        <test-method is-config="true" signature="tearDown()[pri:0, instance:com.inetbanking.testCases.TC02_LoginDDT@55ca8de8]" started-at="2021-10-03T06:51:48Z" name="tearDown" finished-at="2021-10-03T06:51:49Z" duration-ms="1407" status="PASS">
          <reporter-output>
          </reporter-output>
        </test-method> <!-- tearDown -->
      </class> <!-- com.inetbanking.testCases.TC02_LoginDDT -->
    </test> <!-- BankingApp Test -->
  </suite> <!-- inetBankingV1 -->
</testng-results>
